<?xml version="1.0" encoding="UTF-8"?>
<!-- Generated by org.testng.reporters.JUnitReportReporter -->
<testsuite hostname="dac-51" failures="0" tests="1" name="com.cdac.testing.OrangeHRMLoginTest" time="8.061" errors="0" timestamp="2025-06-15T13:54:14 IST" skipped="0">
  <testcase classname="com.cdac.testing.OrangeHRMLoginTest" name="testLogin" time="8.061"/>
</testsuite> <!-- com.cdac.testing.OrangeHRMLoginTest -->
